<?xml version="1.0" encoding="UTF-8"?>
<Site BuildName="(empty)"
	BuildStamp="20240926-0320-Experimental"
	Name="labMGJSX0"
	Generator="ctest-3.22.1"
	CompilerName="/usr/bin/c++"
	CompilerVersion="11.4.0"
	OSName="Linux"
	Hostname="labMGJSX0"
	OSRelease="6.8.0-1014-azure"
	OSVersion="#16~22.04.1-Ubuntu SMP Thu Aug 15 21:31:41 UTC 2024"
	OSPlatform="x86_64"
	Is64Bits="1"
	VendorString="GenuineIntel"
	VendorID="Intel Corporation"
	FamilyID="6"
	ModelID="85"
	ProcessorCacheSize="33792"
	NumberOfLogicalCPU="8"
	NumberOfPhysicalCPU="4"
	TotalVirtualMemory="0"
	TotalPhysicalMemory="15988"
	LogicalProcessorsPerPhysical="2"
	ProcessorClockFrequency="2693.82"
	>
	<Testing>
		<StartDateTime>Sep 26 03:20 UTC</StartDateTime>
		<StartTestTime>1727320812</StartTestTime>
		<TestList/>
		<EndDateTime>Sep 26 03:20 UTC</EndDateTime>
		<EndTestTime>1727320812</EndTestTime>
		<ElapsedMinutes>0</ElapsedMinutes>
	</Testing>
</Site>
